  Build1
  "build"
  C:\Users\EetuKer\Desktop\Kamaa2\cpluskamaa\bin
  game.cpp
     Creating library game.lib and object game.exp
Graphics.lib(DebugRenderer.obj) : warning LNK4099: PDB 'Graphics.pdb' was not found with 'Graphics.lib(DebugRenderer.obj)' or at 'C:\Users\EetuKer\Desktop\Kamaa2\cpluskamaa\bin\Graphics.pdb'; linking object as if no debug info
Graphics.lib(SpriteBatch.obj) : warning LNK4099: PDB 'Graphics.pdb' was not found with 'Graphics.lib(SpriteBatch.obj)' or at 'C:\Users\EetuKer\Desktop\Kamaa2\cpluskamaa\bin\Graphics.pdb'; linking object as if no debug info
Graphics.lib(ResourceManager.obj) : warning LNK4099: PDB 'Graphics.pdb' was not found with 'Graphics.lib(ResourceManager.obj)' or at 'C:\Users\EetuKer\Desktop\Kamaa2\cpluskamaa\bin\Graphics.pdb'; linking object as if no debug info
Graphics.lib(GLSLProgram.obj) : warning LNK4099: PDB 'Graphics.pdb' was not found with 'Graphics.lib(GLSLProgram.obj)' or at 'C:\Users\EetuKer\Desktop\Kamaa2\cpluskamaa\bin\Graphics.pdb'; linking object as if no debug info
Graphics.lib(SpriteFont.obj) : warning LNK4099: PDB 'Graphics.pdb' was not found with 'Graphics.lib(SpriteFont.obj)' or at 'C:\Users\EetuKer\Desktop\Kamaa2\cpluskamaa\bin\Graphics.pdb'; linking object as if no debug info
Graphics.lib(glad.obj) : warning LNK4099: PDB 'Graphics.pdb' was not found with 'Graphics.lib(glad.obj)' or at 'C:\Users\EetuKer\Desktop\Kamaa2\cpluskamaa\bin\Graphics.pdb'; linking object as if no debug info
Graphics.lib(TextureCache.obj) : warning LNK4099: PDB 'Graphics.pdb' was not found with 'Graphics.lib(TextureCache.obj)' or at 'C:\Users\EetuKer\Desktop\Kamaa2\cpluskamaa\bin\Graphics.pdb'; linking object as if no debug info
Graphics.lib(IOManager.obj) : warning LNK4099: PDB 'Graphics.pdb' was not found with 'Graphics.lib(IOManager.obj)' or at 'C:\Users\EetuKer\Desktop\Kamaa2\cpluskamaa\bin\Graphics.pdb'; linking object as if no debug info
Graphics.lib(ImageLoader.obj) : warning LNK4099: PDB 'Graphics.pdb' was not found with 'Graphics.lib(ImageLoader.obj)' or at 'C:\Users\EetuKer\Desktop\Kamaa2\cpluskamaa\bin\Graphics.pdb'; linking object as if no debug info
Graphics.lib(picoPNG.obj) : warning LNK4099: PDB 'Graphics.pdb' was not found with 'Graphics.lib(picoPNG.obj)' or at 'C:\Users\EetuKer\Desktop\Kamaa2\cpluskamaa\bin\Graphics.pdb'; linking object as if no debug info
  Not running
  main.cpp
Graphics.lib(glad.obj) : warning LNK4099: PDB 'Graphics.pdb' was not found with 'Graphics.lib(glad.obj)' or at 'C:\Users\EetuKer\Desktop\Kamaa2\cpluskamaa\bin\Graphics.pdb'; linking object as if no debug info
Graphics.lib(GLSLProgram.obj) : warning LNK4099: PDB 'Graphics.pdb' was not found with 'Graphics.lib(GLSLProgram.obj)' or at 'C:\Users\EetuKer\Desktop\Kamaa2\cpluskamaa\bin\Graphics.pdb'; linking object as if no debug info
Graphics.lib(DebugRenderer.obj) : warning LNK4099: PDB 'Graphics.pdb' was not found with 'Graphics.lib(DebugRenderer.obj)' or at 'C:\Users\EetuKer\Desktop\Kamaa2\cpluskamaa\bin\Graphics.pdb'; linking object as if no debug info
Graphics.lib(SpriteBatch.obj) : warning LNK4099: PDB 'Graphics.pdb' was not found with 'Graphics.lib(SpriteBatch.obj)' or at 'C:\Users\EetuKer\Desktop\Kamaa2\cpluskamaa\bin\Graphics.pdb'; linking object as if no debug info
Graphics.lib(Camera2D.obj) : warning LNK4099: PDB 'Graphics.pdb' was not found with 'Graphics.lib(Camera2D.obj)' or at 'C:\Users\EetuKer\Desktop\Kamaa2\cpluskamaa\bin\Graphics.pdb'; linking object as if no debug info
Graphics.lib(ResourceManager.obj) : warning LNK4099: PDB 'Graphics.pdb' was not found with 'Graphics.lib(ResourceManager.obj)' or at 'C:\Users\EetuKer\Desktop\Kamaa2\cpluskamaa\bin\Graphics.pdb'; linking object as if no debug info
Graphics.lib(IOManager.obj) : warning LNK4099: PDB 'Graphics.pdb' was not found with 'Graphics.lib(IOManager.obj)' or at 'C:\Users\EetuKer\Desktop\Kamaa2\cpluskamaa\bin\Graphics.pdb'; linking object as if no debug info
Graphics.lib(SpriteFont.obj) : warning LNK4099: PDB 'Graphics.pdb' was not found with 'Graphics.lib(SpriteFont.obj)' or at 'C:\Users\EetuKer\Desktop\Kamaa2\cpluskamaa\bin\Graphics.pdb'; linking object as if no debug info
Graphics.lib(TextureCache.obj) : warning LNK4099: PDB 'Graphics.pdb' was not found with 'Graphics.lib(TextureCache.obj)' or at 'C:\Users\EetuKer\Desktop\Kamaa2\cpluskamaa\bin\Graphics.pdb'; linking object as if no debug info
Graphics.lib(ImageLoader.obj) : warning LNK4099: PDB 'Graphics.pdb' was not found with 'Graphics.lib(ImageLoader.obj)' or at 'C:\Users\EetuKer\Desktop\Kamaa2\cpluskamaa\bin\Graphics.pdb'; linking object as if no debug info
Graphics.lib(picoPNG.obj) : warning LNK4099: PDB 'Graphics.pdb' was not found with 'Graphics.lib(picoPNG.obj)' or at 'C:\Users\EetuKer\Desktop\Kamaa2\cpluskamaa\bin\Graphics.pdb'; linking object as if no debug info
  Running
  imguiTools.cpp
     Creating library imguiTools.lib and object imguiTools.exp
Graphics.lib(DebugRenderer.obj) : warning LNK4099: PDB 'Graphics.pdb' was not found with 'Graphics.lib(DebugRenderer.obj)' or at 'C:\Users\EetuKer\Desktop\Kamaa2\cpluskamaa\bin\Graphics.pdb'; linking object as if no debug info
Graphics.lib(GLSLProgram.obj) : warning LNK4099: PDB 'Graphics.pdb' was not found with 'Graphics.lib(GLSLProgram.obj)' or at 'C:\Users\EetuKer\Desktop\Kamaa2\cpluskamaa\bin\Graphics.pdb'; linking object as if no debug info
Graphics.lib(SpriteFont.obj) : warning LNK4099: PDB 'Graphics.pdb' was not found with 'Graphics.lib(SpriteFont.obj)' or at 'C:\Users\EetuKer\Desktop\Kamaa2\cpluskamaa\bin\Graphics.pdb'; linking object as if no debug info
Graphics.lib(glad.obj) : warning LNK4099: PDB 'Graphics.pdb' was not found with 'Graphics.lib(glad.obj)' or at 'C:\Users\EetuKer\Desktop\Kamaa2\cpluskamaa\bin\Graphics.pdb'; linking object as if no debug info
Graphics.lib(IOManager.obj) : warning LNK4099: PDB 'Graphics.pdb' was not found with 'Graphics.lib(IOManager.obj)' or at 'C:\Users\EetuKer\Desktop\Kamaa2\cpluskamaa\bin\Graphics.pdb'; linking object as if no debug info
Graphics.lib(SpriteBatch.obj) : warning LNK4099: PDB 'Graphics.pdb' was not found with 'Graphics.lib(SpriteBatch.obj)' or at 'C:\Users\EetuKer\Desktop\Kamaa2\cpluskamaa\bin\Graphics.pdb'; linking object as if no debug info
  Done!
