i:\dev\sdl\allegro vanhat\graphics\x64\release\graphics.pdb
i:\dev\sdl\allegro vanhat\graphics\x64\release\texturecache.obj
i:\dev\sdl\allegro vanhat\graphics\x64\release\spritefont.obj
i:\dev\sdl\allegro vanhat\graphics\x64\release\spritebatch.obj
i:\dev\sdl\allegro vanhat\graphics\x64\release\sprite.obj
i:\dev\sdl\allegro vanhat\graphics\x64\release\resourcemanager.obj
i:\dev\sdl\allegro vanhat\graphics\x64\release\picopng.obj
i:\dev\sdl\allegro vanhat\graphics\x64\release\iomanager.obj
i:\dev\sdl\allegro vanhat\graphics\x64\release\imageloader.obj
i:\dev\sdl\allegro vanhat\graphics\x64\release\glslprogram.obj
i:\dev\sdl\allegro vanhat\graphics\x64\release\debugrenderer.obj
i:\dev\sdl\allegro vanhat\graphics\x64\release\camera2d.obj
i:\dev\sdl\allegro vanhat\graphics\x64\release\glad.obj
i:\dev\sdl\allegro vanhat\sln\x64\release\graphics.lib
i:\dev\sdl\allegro vanhat\graphics\x64\release\graphics.tlog\cl.command.1.tlog
i:\dev\sdl\allegro vanhat\graphics\x64\release\graphics.tlog\cl.read.1.tlog
i:\dev\sdl\allegro vanhat\graphics\x64\release\graphics.tlog\cl.write.1.tlog
i:\dev\sdl\allegro vanhat\graphics\x64\release\graphics.tlog\lib-link.read.1.tlog
i:\dev\sdl\allegro vanhat\graphics\x64\release\graphics.tlog\lib-link.write.1.tlog
i:\dev\sdl\allegro vanhat\graphics\x64\release\graphics.tlog\lib.command.1.tlog
