i:\dev\sdl\allegro vanhat\graphics\x64\debug\vc141.pdb
i:\dev\sdl\allegro vanhat\graphics\x64\debug\vc141.idb
i:\dev\sdl\allegro vanhat\graphics\x64\debug\iomanager.obj
i:\dev\sdl\allegro vanhat\graphics\x64\debug\picopng.obj
i:\dev\sdl\allegro vanhat\graphics\x64\debug\camera2d.obj
i:\dev\sdl\allegro vanhat\graphics\x64\debug\resourcemanager.obj
i:\dev\sdl\allegro vanhat\graphics\x64\debug\sprite.obj
i:\dev\sdl\allegro vanhat\graphics\x64\debug\spritebatch.obj
i:\dev\sdl\allegro vanhat\graphics\x64\debug\spritefont.obj
i:\dev\sdl\allegro vanhat\graphics\x64\debug\texturecache.obj
i:\dev\sdl\allegro vanhat\graphics\x64\debug\graphics.pdb
i:\dev\sdl\allegro vanhat\graphics\x64\debug\graphics.idb
i:\dev\sdl\allegro vanhat\graphics\x64\debug\debugrenderer.obj
i:\dev\sdl\allegro vanhat\graphics\x64\debug\glslprogram.obj
i:\dev\sdl\allegro vanhat\graphics\x64\debug\imageloader.obj
i:\dev\sdl\allegro vanhat\sln\x64\debug\graphics.lib
i:\dev\sdl\allegro vanhat\sln\x64\debug\graphics.pdb
i:\dev\sdl\allegro vanhat\graphics\x64\debug\graphics.tlog\cl.command.1.tlog
i:\dev\sdl\allegro vanhat\graphics\x64\debug\graphics.tlog\cl.read.1.tlog
i:\dev\sdl\allegro vanhat\graphics\x64\debug\graphics.tlog\cl.write.1.tlog
i:\dev\sdl\allegro vanhat\graphics\x64\debug\graphics.tlog\lib-link.read.1.tlog
i:\dev\sdl\allegro vanhat\graphics\x64\debug\graphics.tlog\lib-link.write.1.tlog
i:\dev\sdl\allegro vanhat\graphics\x64\debug\graphics.tlog\lib.command.1.tlog
